0 info it worked if it ends with ok
1 verbose cli [ '/usr/local/bin/iojs',
1 verbose cli   '/Users/davidclements/npm-global/bin/npm',
1 verbose cli   'version',
1 verbose cli   'patch' ]
2 info using npm@2.11.1
3 info using node@v5.0.0
4 info preversion undefined
5 info git [ 'status', '--porcelain' ]
6 verbose stack Error: Error: Git working directory not clean.
6 verbose stack M package.json
6 verbose stack     at /Users/davidclements/npm-global/lib/node_modules/npm/lib/version.js:67:23
6 verbose stack     at /Users/davidclements/npm-global/lib/node_modules/npm/lib/version.js:147:34
6 verbose stack     at ChildProcess.exithandler (child_process.js:194:7)
6 verbose stack     at emitTwo (events.js:87:13)
6 verbose stack     at ChildProcess.emit (events.js:172:7)
6 verbose stack     at maybeClose (internal/child_process.js:818:16)
6 verbose stack     at Socket.<anonymous> (internal/child_process.js:319:11)
6 verbose stack     at emitOne (events.js:77:13)
6 verbose stack     at Socket.emit (events.js:169:7)
6 verbose stack     at Pipe._onclose (net.js:469:12)
7 verbose cwd /Users/davidclements/z/nearForm/posthaste
8 error Darwin 15.0.0
9 error argv "/usr/local/bin/iojs" "/Users/davidclements/npm-global/bin/npm" "version" "patch"
10 error node v5.0.0
11 error npm  v2.11.1
12 error Error: Git working directory not clean.
12 error M package.json
13 error If you need help, you may report this error at:
13 error     <https://github.com/npm/npm/issues>
14 verbose exit [ 1, true ]
